#### 08. Templeton Investments (US) 2009 ####
####CONVERTING PDF TO TEXT####
p 0  is converting
p 1  is converting
p 2  is converting
p 3  is converting
p 4  is converting
p 5  is converting
p 6  is converting
p 7  is converting
p 8  is converting
p 9  is converting
p 10  is converting
p 11  is converting
p 12  is converting
p 13  is converting
p 14  is converting
p 15  is converting
p 16  is converting
p 17  is converting
p 18  is converting
p 19  is converting
p 20  is converting
p 21  is converting
p 22  is converting
p 23  is converting
p 24  is converting
p 25  is converting
p 26  is converting
p 27  is converting
p 28  is converting
p 29  is converting
p 30  is converting
p 31  is converting
p 32  is converting
p 33  is converting
p 34  is converting
p 35  is converting
p 36  is converting
p 37  is converting
p 38  is converting
p 39  is converting
p 40  is converting
p 41  is converting
p 42  is converting
p 43  is converting
p 44  is converting
p 45  is converting
p 46  is converting
p 47  is converting
p 48  is converting
p 49  is converting
p 50  is converting
p 51  is converting
p 52  is converting
p 53  is converting
p 54  is converting
p 55  is converting
p 56  is converting
p 57  is converting
p 58  is converting
p 59  is converting
p 60  is converting
p 61  is converting
p 62  is converting
p 63  is converting
p 64  is converting
p 65  is converting
p 66  is converting
p 67  is converting
p 68  is converting
p 69  is converting
p 70  is converting
p 71  is converting
p 72  is converting
p 73  is converting
p 74  is converting
p 75  is converting
p 76  is converting
p 77  is converting
p 78  is converting
p 79  is converting
p 80  is converting
p 81  is converting
p 82  is converting
p 83  is converting
p 84  is converting
p 85  is converting
p 86  is converting
p 87  is converting
p 88  is converting
p 89  is converting
p 90  is converting
p 91  is converting
p 92  is converting
p 93  is converting
p 94  is converting
p 95  is converting
p 96  is converting
p 97  is converting
p 98  is converting
p 99  is converting
p 100  is converting
p 101  is converting
p 102  is converting
p 103  is converting
p 104  is converting
p 105  is converting
p 106  is converting
p 107  is converting
p 108  is converting
p 109  is converting
p 110  is converting
p 111  is converting
p 112  is converting
p 113  is converting
p 114  is converting
p 115  is converting
p 116  is converting
p 117  is converting
p 118  is converting
p 119  is converting
p 120  is converting
p 121  is converting
p 122  is converting
p 123  is converting
p 124  is converting
p 125  is converting
p 126  is converting
p 127  is converting
p 128  is converting
p 129  is converting
p 130  is converting
p 131  is converting
p 132  is converting
p 133  is converting
p 134  is converting
p 135  is converting
p 136  is converting
p 137  is converting
p 138  is converting
p 139  is converting
p 140  is converting
p 141  is converting
p 142  is converting
p 143  is converting
Document loaded 62.08696794509888
Pages to look through: 3 62.16228127479553
####TEXT EXTRACTION#### 62.162299156188965
Done with text.  62.17770481109619
#####No candidates found in 08. Templeton Investments (US)
