#### 11. Schroders Investment Managment (UK) 2012 ####
####CONVERTING PDF TO TEXT####
p 0  is converting
p 1  is converting
p 2  is converting
p 3  is converting
p 4  is converting
p 5  is converting
p 6  is converting
p 7  is converting
p 8  is converting
p 9  is converting
p 10  is converting
p 11  is converting
p 12  is converting
p 13  is converting
p 14  is converting
p 15  is converting
p 16  is converting
p 17  is converting
p 18  is converting
p 19  is converting
p 20  is converting
p 21  is converting
p 22  is converting
p 23  is converting
p 24  is converting
p 25  is converting
Document loaded 13.127886295318604
Pages to look through: 4 13.134105443954468
####TEXT EXTRACTION#### 13.13411808013916
Done with text.  13.139083862304688
####TABLE EXTRACTION####
Unsuccessful table search: page 5 'NoneType' object has no attribute 'T'
P 5  took  15.989007949829102
Unsuccessful table search: page 6 'NoneType' object has no attribute 'T'
Unsuccessful table search: page 6 'NoneType' object has no attribute 'T'
P 6  took  18.827107667922974
Unsuccessful table search: page 8 'NoneType' object has no attribute 'T'
Unsuccessful table search: page 8 'NoneType' object has no attribute 'T'
P 8  took  21.64541220664978
Unsuccessful table search: page 9 'NoneType' object has no attribute 'T'
Unsuccessful table search: page 9 'NoneType' object has no attribute 'T'
P 9  took  24.33353900909424
#####Done: No candidates found in 11. Schroders Investment Managment (UK)
